0:100  0:100  MemLog inited, TSC freq: 1799102150
0:100  0:000  CPU was calibrated with RTC
0:100  0:000  
0:100  0:000  Now is 16.7.2019,  6:43:25 (GMT)
0:100  0:000  Starting Clover revision: 4988 on INSYDE Corp. EFI
0:100  0:000  Build with: [Args: -D NO_GRUB_DRIVERS_EMBEDDED | -D NO_GRUB_DRIVERS_EMBEDDED -D USE_LOW_EBDA -D HAVE_LEGACY_EMURUNTIMEDXE -a X64 -b RELEASE -t XCODE8 -n 5 | OS: 10.13.6 | XCODE: 10.1]
0:100  0:000  SelfDevicePath=PciRoot(0x0)\Pci(0x17,0x0)\Sata(0x0,0x0,0x0)\HD(1,GPT,A91C5042-9C35-4BC8-B51E-032F4C4A765F,0x800,0x82000) @7AB18E58
0:100  0:000  SelfDirPath = \EFI\CLOVER
0:100  0:000  === [ Get Smbios ] ========================================
0:100  0:000  Type 16 Index = 0
0:100  0:000  Total Memory Slots Count = 2
0:100  0:000  Type 17 Index = 0
0:100  0:000  SmbiosTable.Type17->Speed = 2400MHz
0:100  0:000  SmbiosTable.Type17->Size = 8192MB
0:100  0:000  SmbiosTable.Type17->Bank/Device = BANK 0 Bottom-Slot 1(left) 
0:100  0:000  SmbiosTable.Type17->Vendor = Kingston
0:100  0:000  SmbiosTable.Type17->SerialNumber = 051C58B9
0:100  0:000  SmbiosTable.Type17->PartNumber = HP26D4S9S8MHF-8     
0:100  0:000  Type 17 Index = 1
0:100  0:000  Ignoring insane frequency value 0MHz
0:100  0:000  SmbiosTable.Type17->Speed = 0MHz
0:100  0:000  SmbiosTable.Type17->Size = 0MB
0:100  0:000  SmbiosTable.Type17->Bank/Device = BANK 2 Bottom-Slot 2(right)
0:100  0:000  SmbiosTable.Type17->Vendor = <null string>
0:100  0:000  SmbiosTable.Type17->SerialNumber = <null string>
0:100  0:000  SmbiosTable.Type17->PartNumber = <null string>
0:100  0:000  Boot status=0
0:100  0:000  Running on: 'HP Pavilion Laptop 15-cc1xx' with board '83F9'
0:100  0:000  === [ GetCPUProperties ] ==================================
0:100  0:000  CPU Vendor = 756E6547 Model=806EA
0:100  0:000   The CPU supported SSE4.1
0:100  0:000  BrandString = Intel(R) Core(TM) i5-8250U CPU @ 1.60GHz
0:100  0:000   The CPU supported turbo
0:100  0:000  MSR 0x35               40008
0:100  0:000   TSC/CCC Information Leaf:
0:100  0:000    numerator     : 150
0:100  0:000    denominator   : 2
0:100  0:000   Calibrated ARTFrequency: 23988028
0:100  0:000  MSR 0xE2 before patch 1E008008
0:100  0:000  MSR 0xE2 is locked, PM patches will be turned on
0:100  0:000  MSR 0xCE              0004043D_F1011200
0:100  0:000  corrected FLEX_RATIO = 0
0:100  0:000  MSR 0x1B0             00000000
0:100  0:000  FSBFrequency = 173 MHz, DMI FSBFrequency = 100 MHz, Corrected FSBFrequency = 100 MHz
0:100  0:000  MaxDiv/MinDiv: 18.0/4
0:100  0:000  Turbo: 34/34/34/34
0:100  0:000  Features: 0xBFEBFBFF
0:100  0:000  Threads: 8
0:100  0:000  Cores: 4
0:100  0:000  FSB: 100 MHz
0:100  0:000  CPU: 3100 MHz
0:100  0:000  TSC: 3100 MHz
0:100  0:000  PIS: 100 MHz
0:100  0:000  ExternalClock: 25 MHz
0:100  0:000  === [ GetDevices ] ========================================
0:100  0:000  PCI (00|00:00.00) : 8086 5914 class=060000
0:100  0:000  PCI (00|00:02.00) : 8086 5917 class=030000
0:100  0:000   - GFX: Model=Intel UHD Graphics 620 (Intel)
0:100  0:000  PCI (00|00:04.00) : 8086 1903 class=118000
0:100  0:000  PCI (00|00:14.00) : 8086 9D2F class=0C0330
0:100  0:000  PCI (00|00:14.02) : 8086 9D31 class=118000
0:100  0:000  PCI (00|00:16.00) : 8086 9D3A class=078000
0:100  0:000  PCI (00|00:17.00) : 8086 9D03 class=010601
0:100  0:000  PCI (00|00:1C.00) : 8086 9D10 class=060400
0:100  0:000  PCI (00|01:00.00) : 10DE 134D class=030200
0:100  0:000  PCI (00|00:1C.04) : 8086 9D14 class=060400
0:100  0:000  PCI (00|02:00.00) : 10EC 522A class=FF0000
0:100  0:000  PCI (00|00:1C.05) : 8086 9D15 class=060400
0:100  0:000  PCI (00|03:00.00) : 10EC 8168 class=020000
0:100  0:000   - LAN: 0 Vendor=Realtek
0:100  0:000  PCI (00|00:1D.00) : 8086 9D18 class=060400
0:100  0:000  PCI (00|00:1D.03) : 8086 9D1B class=060400
0:100  0:000  PCI (00|05:00.00) : 8086 095A class=028000
0:100  0:000   - WIFI: Vendor=Intel
0:100  0:000  PCI (00|00:1F.00) : 8086 9D4E class=060100
0:100  0:000  PCI (00|00:1F.02) : 8086 9D21 class=058000
0:100  0:000  PCI (00|00:1F.03) : 8086 9D71 class=040300
0:100  0:000  PCI (00|00:1F.04) : 8086 9D23 class=0C0500
0:100  0:000  === [ GetDefaultSettings ] ================================
0:100  0:000  Clover load options size = 0 bytes
0:102  0:001  EFI\CLOVER\config.plist loaded: Success
0:102  0:000  === [ GetListOfThemes ] ===================================
0:103  0:001  - [00]: BGM256
0:105  0:001  - [01]: random
0:105  0:000  - [01]: embedded
0:105  0:000  === [ Found config plists ] ===============================
0:105  0:000  - config.plist
0:105  0:000  - config.bak.plist
0:105  0:000  - config1.bak.plist
0:105  0:000  - config-backup.plist
0:105  0:000  === [ GetEarlyUserSettings ] ==============================
0:105  0:000  timeout set to 10
0:105  0:000  Custom boot CUSTOM_BOOT_DISABLED (0x0)
0:105  0:000  KextsToPatch: 2 requested
0:105  0:000   - [00]: AppleAHCIPort (External Icons Patch) :: BinPatch :: data len: 8
0:105  0:000   - [01]: com.apple.driver.usb.AppleUSBXHCI (Port limit increase (Ricky)) :: MatchOS: 10.14.x :: BinPatch :: data len: 9
0:105  0:000  Default theme: BGM256
0:105  0:000  Hiding entries with string grubx64.efi
0:105  0:000  Hiding entries with string Preboot
0:105  0:000  Hiding entries with string VM
0:105  0:000  === [ LoadDrivers ] =======================================
0:105  0:000  Loading AptioInputFix.efi  status=Success
0:208  0:102  Loading FSInject-64.efi  status=Success
0:211  0:002  Loading Ps2MouseDxe-64.efi  status=Success
0:212  0:001   - driver needs connecting
0:212  0:000  Loading VirtualSmc.efi  status=Success
0:316  0:103  Loading PartitionDxe-64.efi  status=Success
0:318  0:002   - driver needs connecting
0:318  0:000  Loading AptioMemoryFix.efi  status=Success
0:422  0:104  Loading ApfsDriverLoader.efi  status=Success
0:424  0:002   - driver needs connecting
0:424  0:000  Loading AppleUiSupport.efi  status=Success
0:572  0:147  Loading VBoxHfs.efi  status=Success
0:576  0:003   - driver needs connecting
0:576  0:000  Video bios patch requested or CustomEDID - forcing video reconnect
0:576  0:000  5 drivers needs connecting ...
0:576  0:000  PlatformDriverOverrideProtocol->GetDriver overriden
0:576  0:000  EdidActive: size=128 found
0:576  0:000  Partition driver loaded: CD disconnect Success
0:576  0:000  APFS driver loaded
0:576  0:000  Video driver loaded: disconnect Success
0:837  0:260  Searching for invalid DiskIo BY_DRIVER connects: not found, all ok
0:837  0:000  VideoBiosPatchNativeFromEdid:
0:837  0:000   Bios: VideoBiosPatchInit(LegacyRegion = Not Found, LegacyRegion2 = Success) = Success
0:837  0:000   VideoBiosUnlock:  unlocked
0:837  0:000   Patching: unknown - not patching
0:837  0:000   VideoBiosLock: Success
1:930  1:093  === [ InitScreen ] ========================================
1:930  0:000  Console modes reported: 7, available modes:
1:930  0:000   - [01]: 80x25
1:930  0:000   - [02]: 80x50
1:930  0:000   - [03]: 80x25
1:930  0:000   - [04]: 240x56 (current mode)
1:930  0:000   - [05]: 100x31
1:930  0:000   - [06]: 128x40
1:930  0:000   - [07]: 160x53
1:930  0:000  SetScreenResolution: 1920x1080 - already set
1:930  0:000  SetScreenResolution: 1920x1080 - already set
1:930  0:000  reinit: self device path=PciRoot(0x0)\Pci(0x17,0x0)\Sata(0x0,0x0,0x0)\HD(1,GPT,A91C5042-9C35-4BC8-B51E-032F4C4A765F,0x800,0x82000)
1:931  0:000  Using embedded font: Success
1:931  0:000  === [ GetMacAddress ] =====================================
1:931  0:000  MAC address of LAN #0= AC:E2:D3:54:23:4A:
1:931  0:000  === [ ScanSPD ] ===========================================
1:932  0:000  Scanning SMBus [8086:9D23], mmio: 0xB4335004, ioport: 0x5040, hostc: 0x11
1:950  0:018  Slot: 0 Type 26 8192MB 2666MHz Vendor=Kingston PartNo=HP26D4S9S8MHF-8 SerialNo=0005010C05080B09
1:951  0:001  === [ GetAcpiTablesList ] =================================
1:951  0:000  Get Acpi Tables List from RSDT:
1:951  0:000   - [00]: FACP  SLIC-MPC len=268
1:951  0:000   - [01]: UEFI  8361     len=566
1:951  0:000   - [02]: UEFI  8361     len=66
1:951  0:000   - [03]: IHIS  8361     len=56
1:951  0:000   - [04]: SSDT  8361     len=26786
1:951  0:000   - [05]: MSDM  SLIC-MPC len=85
1:951  0:000   - [06]: SSDT  8361     len=1219
1:951  0:000   - [07]: SSDT  8361     len=70
1:951  0:000   - [08]: TPM2  8361     len=52
1:951  0:000   - [09]: SSDT  8361     len=12588
1:951  0:000   - [10]: SSDT  8361     len=15784
1:951  0:000   - [11]: ASF!  8361     len=165
1:951  0:000   - [12]: ASPT  8361     len=52
1:951  0:000   - [13]: BOOT  8361     len=40
1:951  0:000   - [14]: DBGP  SLIC-MPC len=52
1:951  0:000   - [15]: HPET  8361     len=56
1:951  0:000   - [16]: APIC  8361     len=188
1:951  0:000   - [17]: MCFG  8361     len=60
1:951  0:000   - [18]: LPIT  8361     len=148
1:951  0:000   - [19]: WSMT  8361     len=40
1:951  0:000   - [20]: SSDT  8361     len=671
1:951  0:000   - [21]: SSDT  8361     len=838
1:951  0:000   - [22]: SSDT  8361     len=12290
1:951  0:000   - [23]: SSDT  8361     len=1310
1:951  0:000   - [24]: DBGP  SLIC-MPC len=52
1:951  0:000   - [25]: DBG2  8361     len=84
1:951  0:000   - [26]: SSDT  8361     len=4272
1:951  0:000   - [27]: SSDT  8361     len=3806
1:951  0:000   - [28]: SSDT  8361     len=14869
1:951  0:000   - [29]: DMAR  8361     len=168
1:951  0:000   - [30]: FPDT  SLIC-MPC len=68
1:951  0:000   - [31]: BGRT  8361     len=56
1:951  0:000  Calibrated TSC Frequency = 1799102150 = 1799MHz
1:952  0:000  === [ GetUserSettings ] ===================================
1:952  0:000  Add 2 devices:
1:952  0:000  USB FixOwnership: yes
1:952  0:000  Dropping 3 tables:
1:952  0:000   - [00]: Drop table  signature="DMAR" (52414D44)
1:952  0:000           - set table: 52414D44,                0 to drop: yes
1:952  0:000   - [01]: Drop table  signature="SSDT" (54445353) table-id="CpuPm" (0000006D50757043)
1:952  0:000           - set table: 54445353,       6D50757043 to drop: no
1:952  0:000   - [02]: Drop table  signature="SSDT" (54445353) table-id="Cpu0Ist" (0074734930757043)
1:952  0:000           - set table: 54445353,   74734930757043 to drop: no
1:952  0:000   - final DSDT Fix mask=17E730D5
1:952  0:000  PatchesDSDT: 8 requested
1:952  0:000   - [00]: (Add _SUN property for GIGE) lenToFind: 18, lenToReplace: 25, Target Bridge: <null string>
1:952  0:000    patch disabled at config
1:952  0:000   - [01]: (Rename GFX0 to IGPU) lenToFind: 4, lenToReplace: 4, Target Bridge: <null string>
1:952  0:000    patch disabled at config
1:952  0:000   - [02]: (Rename HDEF to AZAL) lenToFind: 4, lenToReplace: 4, Target Bridge: <null string>
1:952  0:000    patch disabled at config
1:952  0:000   - [03]: (Rename oem _DSM to ZDSM) lenToFind: 4, lenToReplace: 4, Target Bridge: <null string>
1:952  0:000   - [04]: (Rename HECI to IMEI) lenToFind: 4, lenToReplace: 4, Target Bridge: <null string>
1:952  0:000    patch disabled at config
1:952  0:000   - [05]: (change SAT0 to SATA) lenToFind: 4, lenToReplace: 4, Target Bridge: <null string>
1:952  0:000   - [06]: (change XHC1 to XHC) lenToFind: 4, lenToReplace: 4, Target Bridge: <null string>
1:952  0:000   - [07]: (change XHC1 to XHC) lenToFind: 4, lenToReplace: 4, Target Bridge: <null string>
1:952  0:000  Devices to rename 1
1:952  0:000  PXSX:RP01:PCI0:#_SB:->will be renamed to ARPT
1:952  0:000  Using ProductName from config: MacBookPro15,2
1:952  0:000  Using latest BiosVersion from clover
1:952  0:000  BiosVersion: MBP152.88Z.F000.B00.1904222000
1:952  0:000  BiosReleaseDate: 04/22/2019
1:952  0:000  Using latest EfiVersion from clover: 220.260.170.0.0
1:952  0:000  Using FirmwareFeatures from clover: 0xFC0FE137
1:952  0:000  Using FirmwareFeaturesMask from clover: 0xFF1FFF3F
1:952  0:000  Using PlatformFeature from clover: 0x1A
1:952  0:000  Board-ID set from config as Mac-827FB448E656EC26
1:952  0:000  BoardType: 0xA
1:952  0:000  ChassisType: 0x9
1:952  0:000  === [ Found DSDT tables ] =================================
1:952  0:000  - DSDT.aml
1:952  0:000  - DSDT1.bak.aml
1:952  0:000  - DSDT.bak.aml
1:987  0:035  === [ ScanVolumes ] =======================================
1:987  0:000  Found 17 volumes with blockIO
1:987  0:000  - [00]: Volume: PciRoot(0x0)\Pci(0x17,0x0)\Sata(0x0,0x0,0x0)
1:987  0:000          Result of bootcode detection: bootable unknown (legacy)
1:987  0:000  - [01]: Volume: PciRoot(0x0)\Pci(0x17,0x0)\Sata(0x0,0x0,0x0)\HD(1,GPT,A91C5042-9C35-4BC8-B51E-032F4C4A765F,0x800,0x82000)
1:988  0:000          Result of bootcode detection: bootable unknown (legacy)
1:988  0:000          This is SelfVolume !!
1:988  0:000  - [02]: Volume: PciRoot(0x0)\Pci(0x17,0x0)\Sata(0x0,0x0,0x0)\HD(2,GPT,495D380D-B649-4629-B749-30CF81299462,0x82800,0x8000)
1:989  0:000  - [03]: Volume: PciRoot(0x0)\Pci(0x17,0x0)\Sata(0x0,0x0,0x0)\HD(3,GPT,4E117D9A-C803-4DE9-A6FA-0EFE68351283,0x8A800,0x1F20F445)
1:989  0:000          Result of bootcode detection: bootable Windows (vista,win)
1:989  0:000  - [04]: Volume: PciRoot(0x0)\Pci(0x17,0x0)\Sata(0x0,0x0,0x0)\HD(4,GPT,E13D2626-B566-4716-BDC3-7D167E254524,0x1F29A000,0x1EF800)
1:989  0:000          Result of bootcode detection: bootable Windows (vista,win)
1:989  0:000  - [05]: Volume: PciRoot(0x0)\Pci(0x17,0x0)\Sata(0x0,0x0,0x0)\HD(5,GPT,10702281-28B9-48ED-A8F3-82A6D93BE4AF,0x1F489800,0x25801000)
1:989  0:000          Result of bootcode detection: bootable unknown (legacy)
1:989  0:000  - [06]: Volume: PciRoot(0x0)\Pci(0x17,0x0)\Sata(0x0,0x0,0x0)\HD(6,GPT,619BC6B1-F820-46E7-8E32-B4ACAB09610E,0x44C8A800,0x22600000)
1:990  0:000          Result of bootcode detection: bootable Windows (vista,win)
1:990  0:000  - [07]: Volume: PciRoot(0x0)\Pci(0x17,0x0)\Sata(0x0,0x0,0x0)\HD(7,GPT,02244E4C-6289-4B2D-87D3-627A37F0347C,0x6728A800,0x56CC800)
1:990  0:000  - [08]: Volume: PciRoot(0x0)\Pci(0x17,0x0)\Sata(0x0,0x0,0x0)\HD(8,GPT,3C22D19B-6A7B-4D4F-8BBF-6E6710ED51BF,0x6C957000,0x55CC800)
1:990  0:000  - [09]: Volume: PciRoot(0x0)\Pci(0x17,0x0)\Sata(0x0,0x0,0x0)\HD(9,GPT,22B217D2-5D04-4436-898E-F041867F28ED,0x71F23800,0x800800)
1:990  0:000  - [10]: Volume: PciRoot(0x0)\Pci(0x17,0x0)\Sata(0x0,0x0,0x0)\HD(10,GPT,2405CEC8-F10A-4483-94FE-AE99B5093CD9,0x7290E000,0x1DF5800)
1:991  0:000          Result of bootcode detection: bootable Windows (vista,win)
1:991  0:000  - [11]: Volume: PciRoot(0x0)\Pci(0x17,0x0)\Sata(0x1,0x0,0x0)
1:991  0:000          Found optical drive
1:991  0:000  - [12]: Volume: PciRoot(0x0)\Pci(0x17,0x0)\Sata(0x0,0x0,0x0)\HD(5,GPT,10702281-28B9-48ED-A8F3-82A6D93BE4AF,0x1F489800,0x25801000)\VenMedia(BE74FCF7-0B7C-49F3-9147-01F4042E6842,1FFEC1CCEE83A74E84B692A257EA9F61)
1:991  0:000          hiding this volume
1:991  0:000  - [13]: Volume: PciRoot(0x0)\Pci(0x17,0x0)\Sata(0x0,0x0,0x0)\HD(5,GPT,10702281-28B9-48ED-A8F3-82A6D93BE4AF,0x1F489800,0x25801000)\VenMedia(BE74FCF7-0B7C-49F3-9147-01F4042E6842,D3CF67C416EBCB3E87073164FD8AE989)
1:991  0:000  - [14]: Volume: PciRoot(0x0)\Pci(0x17,0x0)\Sata(0x0,0x0,0x0)\HD(5,GPT,10702281-28B9-48ED-A8F3-82A6D93BE4AF,0x1F489800,0x25801000)\VenMedia(BE74FCF7-0B7C-49F3-9147-01F4042E6842,E1D71983C2390745ABFC511BCAD513DE)
1:991  0:000  - [15]: Volume: PciRoot(0x0)\Pci(0x17,0x0)\Sata(0x0,0x0,0x0)\HD(5,GPT,10702281-28B9-48ED-A8F3-82A6D93BE4AF,0x1F489800,0x25801000)\VenMedia(BE74FCF7-0B7C-49F3-9147-01F4042E6842,78661C2B5580A845A93CAB7A1BEE5F28)
1:991  0:000          hiding this volume
1:991  0:000  - [16]: Volume: PciRoot(0x0)\Pci(0x17,0x0)\Sata(0x0,0x0,0x0)\HD(5,GPT,10702281-28B9-48ED-A8F3-82A6D93BE4AF,0x1F489800,0x25801000)\VenMedia(BE74FCF7-0B7C-49F3-9147-01F4042E6842,F85EE4936C4AB64DA33D0D2377B699A4)
1:991  0:000  No AudioIoProtocols, status=Not Found
1:991  0:000  === [ InitTheme ] =========================================
1:991  0:000  use night theme
1:993  0:001  Using theme 'BGM256' (EFI\CLOVER\themes\BGM256)
1:993  0:000  OS main and drive as badge
1:993  0:000  file sound read: sound_night.wav Not Found
1:993  0:000  file sound read: sound.wav Not Found
1:995  0:001  Loading font from ThemeDir: Success
1:995  0:000  theme inited
1:995  0:000  Chosen theme BGM256
1:995  0:000  after NVRAM boot-args=dart=0 darkwake=10 -wegnoegpu debug=0x100 keepsyms=1 shikigva=40
1:995  0:000  === [ Dump SMC keys from NVRAM ] ==========================
1:995  0:000  found AppleSMC protocol
2:018  0:023  === [ AddCustomEntries ] ==================================
2:018  0:000  Custom entry 0 FullTitle:"Manjaro" Path:"\EFI\Manjaro\grubx64.efi" Type:4 Flags:0x0 matching all volumes
2:018  0:000      Checking volume "EFI" (PciRoot(0x0)\Pci(0x17,0x0)\Sata(0x0,0x0,0x0)\HD(1,GPT,A91C5042-9C35-4BC8-B51E-032F4C4A765F,0x800,0x82000)) ... match!
2:021  0:003  Custom settings: <null string>.plist will  be applied
2:021  0:000      Checking volume "Preboot" (PciRoot(0x0)\Pci(0x17,0x0)\Sata(0x0,0x0,0x0)\HD(5,GPT,10702281-28B9-48ED-A8F3-82A6D93BE4AF,0x1F489800,0x25801000)\VenMedia(BE74FCF7-0B7C-49F3-9147-01F4042E6842,1FFEC1CCEE83A74E84B692A257EA9F61)) ... skipped because volume is hidden
2:021  0:000      Checking volume "MacOSX - Data" (PciRoot(0x0)\Pci(0x17,0x0)\Sata(0x0,0x0,0x0)\HD(5,GPT,10702281-28B9-48ED-A8F3-82A6D93BE4AF,0x1F489800,0x25801000)\VenMedia(BE74FCF7-0B7C-49F3-9147-01F4042E6842,D3CF67C416EBCB3E87073164FD8AE989)) ... skipped because path does not exist
2:021  0:000      Checking volume "Recovery" (PciRoot(0x0)\Pci(0x17,0x0)\Sata(0x0,0x0,0x0)\HD(5,GPT,10702281-28B9-48ED-A8F3-82A6D93BE4AF,0x1F489800,0x25801000)\VenMedia(BE74FCF7-0B7C-49F3-9147-01F4042E6842,E1D71983C2390745ABFC511BCAD513DE)) ... skipped because path does not exist
2:021  0:000      Checking volume "VM" (PciRoot(0x0)\Pci(0x17,0x0)\Sata(0x0,0x0,0x0)\HD(5,GPT,10702281-28B9-48ED-A8F3-82A6D93BE4AF,0x1F489800,0x25801000)\VenMedia(BE74FCF7-0B7C-49F3-9147-01F4042E6842,78661C2B5580A845A93CAB7A1BEE5F28)) ... skipped because volume is hidden
2:021  0:000      Checking volume "MacOSX" (PciRoot(0x0)\Pci(0x17,0x0)\Sata(0x0,0x0,0x0)\HD(5,GPT,10702281-28B9-48ED-A8F3-82A6D93BE4AF,0x1F489800,0x25801000)\VenMedia(BE74FCF7-0B7C-49F3-9147-01F4042E6842,F85EE4936C4AB64DA33D0D2377B699A4)) ... skipped because path does not exist
2:021  0:000  Custom entry 1 FullTitle:"Windows 10" Path:"\EFI\Microsoft\Boot\bootmgfw.efi" Options:"-s -h" Type:7 Flags:0x0 matching all volumes
2:021  0:000      Checking volume "EFI" (PciRoot(0x0)\Pci(0x17,0x0)\Sata(0x0,0x0,0x0)\HD(1,GPT,A91C5042-9C35-4BC8-B51E-032F4C4A765F,0x800,0x82000)) ... match!
2:023  0:002  Custom settings: <null string>.plist will  be applied
2:023  0:000      Checking volume "Preboot" (PciRoot(0x0)\Pci(0x17,0x0)\Sata(0x0,0x0,0x0)\HD(5,GPT,10702281-28B9-48ED-A8F3-82A6D93BE4AF,0x1F489800,0x25801000)\VenMedia(BE74FCF7-0B7C-49F3-9147-01F4042E6842,1FFEC1CCEE83A74E84B692A257EA9F61)) ... skipped because volume is hidden
2:023  0:000      Checking volume "MacOSX - Data" (PciRoot(0x0)\Pci(0x17,0x0)\Sata(0x0,0x0,0x0)\HD(5,GPT,10702281-28B9-48ED-A8F3-82A6D93BE4AF,0x1F489800,0x25801000)\VenMedia(BE74FCF7-0B7C-49F3-9147-01F4042E6842,D3CF67C416EBCB3E87073164FD8AE989)) ... skipped because path does not exist
2:023  0:000      Checking volume "Recovery" (PciRoot(0x0)\Pci(0x17,0x0)\Sata(0x0,0x0,0x0)\HD(5,GPT,10702281-28B9-48ED-A8F3-82A6D93BE4AF,0x1F489800,0x25801000)\VenMedia(BE74FCF7-0B7C-49F3-9147-01F4042E6842,E1D71983C2390745ABFC511BCAD513DE)) ... skipped because path does not exist
2:023  0:000      Checking volume "VM" (PciRoot(0x0)\Pci(0x17,0x0)\Sata(0x0,0x0,0x0)\HD(5,GPT,10702281-28B9-48ED-A8F3-82A6D93BE4AF,0x1F489800,0x25801000)\VenMedia(BE74FCF7-0B7C-49F3-9147-01F4042E6842,78661C2B5580A845A93CAB7A1BEE5F28)) ... skipped because volume is hidden
2:023  0:000      Checking volume "MacOSX" (PciRoot(0x0)\Pci(0x17,0x0)\Sata(0x0,0x0,0x0)\HD(5,GPT,10702281-28B9-48ED-A8F3-82A6D93BE4AF,0x1F489800,0x25801000)\VenMedia(BE74FCF7-0B7C-49F3-9147-01F4042E6842,F85EE4936C4AB64DA33D0D2377B699A4)) ... skipped because path does not exist
2:023  0:000  === [ ScanLoader ] ========================================
2:023  0:000  - [01]: 'EFI'
2:024  0:000          AddLoaderEntry for Volume Name=EFI
2:024  0:000       skipped because path `PciRoot(0x0)\Pci(0x17,0x0)\Sata(0x0,0x0,0x0)\HD(1,GPT,A91C5042-9C35-4BC8-B51E-032F4C4A765F,0x800,0x82000)\EFI\microsoft\Boot\bootmgfw.efii` already exists for another entry!
2:049  0:025          AddLoaderEntry for Volume Name=EFI
2:049  0:000          hiding entry: \EFI\Manjaro\grubx64.efi
2:060  0:010          AddLoaderEntry for Volume Name=EFI
2:060  0:000          skipped because entry is hidden
2:060  0:000  - [12]: 'Preboot', hidden
2:060  0:000  - [13]: 'MacOSX - Data'
2:094  0:034  - [14]: 'Recovery'
2:094  0:000          AddLoaderEntry for Volume Name=Recovery
2:128  0:034  - [15]: 'VM', hidden
2:128  0:000  - [16]: 'MacOSX'
2:139  0:010          AddLoaderEntry for Volume Name=MacOSX
2:141  0:001      Check if volume Is Hibernated:
2:141  0:000      Check sleep image 'by signature':
2:141  0:000      using default sleep image name = \private\var\vm\sleepimage
2:141  0:000      sleepimage not found -> Not Found
2:141  0:000      hibernated: no - sign
2:142  0:001          [!] Icon 18 (icons\vol_internal_apfs.icns) not found (path: EFI\CLOVER\themes\BGM256)
2:175  0:032  === [ AddCustomTool ] =====================================
2:175  0:000  found tool \EFI\CLOVER\tools\Shell64U.efi
2:175  0:000  Checking EFI partition Volume 1 for Clover
2:175  0:000   Found Clover
2:175  0:000  Use anime=Anim_9_Boot_Sequence frames=64
2:176  0:000  === [ GetEfiBootDeviceFromNvram ] =========================
2:176  0:000   - efi-boot-device-data: PciRoot(0x0)\Pci(0x17,0x0)\Sata(0x0,0x0,0x0)\HD(5,GPT,10702281-28B9-48ED-A8F3-82A6D93BE4AF,0x1F489800,0x25801000)\VenMedia(BE74FCF7-0B7C-49F3-9147-01F4042E6842,E1D71983C2390745ABFC511BCAD513DE)\93E45EF8-4A6C-4DB6-A33D-0D2377B699A4\boot.efii
2:176  0:000    - Volume: 'PciRoot(0x0)\Pci(0x17,0x0)\Sata(0x0,0x0,0x0)\HD(5,GPT,10702281-28B9-48ED-A8F3-82A6D93BE4AF,0x1F489800,0x25801000)\VenMedia(BE74FCF7-0B7C-49F3-9147-01F4042E6842,E1D71983C2390745ABFC511BCAD513DE)'
2:176  0:000    - LoaderPath: '\93E45EF8-4A6C-4DB6-A33D-0D2377B699A4\boot.efi'
2:176  0:000    - Guid = 10702281-28B9-48ED-A8F3-82A6D93BE4AF
2:176  0:000  === [ FindStartupDiskVolume ] =============================
2:176  0:000    - Volume: partition = PciRoot(0x0)\Pci(0x17,0x0)\Sata(0x0,0x0,0x0)\HD(5,GPT,10702281-28B9-48ED-A8F3-82A6D93BE4AF,0x1F489800,0x25801000)\VenMedia(BE74FCF7-0B7C-49F3-9147-01F4042E6842,E1D71983C2390745ABFC511BCAD513DE)
2:176  0:000     - searching for that partition and loader '\93E45EF8-4A6C-4DB6-A33D-0D2377B699A4\boot.efi'
2:176  0:000      - found entry 2. 'Boot Recovery from Recovery', Volume 'Recovery', '\93E45EF8-4A6C-4DB6-A33D-0D2377B699A4\boot.efi'
2:176  0:000  Boot redirected to Entry 2. 'Boot Recovery from Recovery'
2:176  0:000  DefaultIndex=2 and MainMenu.EntryCount=10
2:176  0:000  Use anime=Anim_1_Logo frames=49
2:214  0:038   found 49 frames of the anime
2:214  0:000  recalculated Screen->Film position
2:214  0:000   Anime seems OK, init it
2:445  0:230  GUI ready
2:942  0:497  exit from MainMenu 1
2:942  0:000  Use anime=Anim_4_Options frames=64
2:942  0:000  Use anime=Anim_14_Themes frames=64
2:942  0:000  Use anime=Anim_14_Themes frames=64
2:942  0:000  Use anime=Anim_11_Tables frames=64
2:943  0:000  Use anime=Anim_8_DSDT frames=64
2:943  0:000  Use anime=Anim_10_SMBIOS frames=64
2:943  0:000  Use anime=Anim_13_PCI_Devices frames=64
2:943  0:000  Use anime=Anim_6_CPU frames=64
2:943  0:000  Use anime=Anim_5_Graphics frames=64
2:943  0:000  Use anime=Anim_7_Binaries frames=64
2:982  0:039   found 64 frames of the anime
2:982  0:000  recalculated Screen->Film position
2:982  0:000   Anime seems OK, init it
6:566  3:583   found 49 frames of the anime
6:566  0:000  recalculated Screen->Film position
6:566  0:000   Anime seems OK, init it
9:173  2:606   boot with args: dart=0 darkwake=10 -wegnoegpu debug=0x100 keepsyms=1 shikigva=40
36:051  26:878   found 49 frames of the anime
36:051  0:000  recalculated Screen->Film position
36:051  0:000   Anime seems OK, init it
36:736  0:685  exit from MainMenu 1
36:737  0:000  recalculated Screen->Film position
36:737  0:000   Anime seems OK, init it
44:611  7:874  recalculated Screen->Film position
44:611  0:000   Anime seems OK, init it
45:411  0:799   found 64 frames of the anime
45:411  0:000  recalculated Screen->Film position
45:411  0:000   Anime seems OK, init it
49:153  3:742  recalculated Screen->Film position
49:153  0:000   Anime seems OK, init it
50:734  1:580  recalculated Screen->Film position
50:734  0:000   Anime seems OK, init it
52:645  1:910  open 0 audio handle status=Invalid Parameter
52:825  0:180  open 0 audio handle status=Invalid Parameter
52:975  0:150  open 0 audio handle status=Invalid Parameter
53:445  0:470  recalculated Screen->Film position
53:445  0:000   Anime seems OK, init it
56:597  3:151  recalculated Screen->Film position
56:597  0:000   Anime seems OK, init it
58:778  2:181  recalculated Screen->Film position
58:778  0:000   Anime seems OK, init it
60:129  1:350  recalculated Screen->Film position
60:129  0:000   Anime seems OK, init it
60:687  0:558   found 64 frames of the anime
60:687  0:000  recalculated Screen->Film position
60:687  0:000   Anime seems OK, init it
65:031  4:343  recalculated Screen->Film position
65:031  0:000   Anime seems OK, init it
66:297  1:265   found 64 frames of the anime
66:297  0:000  recalculated Screen->Film position
66:297  0:000   Anime seems OK, init it
68:463  2:165  recalculated Screen->Film position
68:463  0:000   Anime seems OK, init it
71:000  2:537   found 64 frames of the anime
71:000  0:000  recalculated Screen->Film position
71:000  0:000   Anime seems OK, init it
76:537  5:537  recalculated Screen->Film position
76:537  0:000   Anime seems OK, init it
77:538  1:000  recalculated Screen->Film position
77:538  0:000   Anime seems OK, init it
79:249  1:710  recalculated Screen->Film position
79:249  0:000   Anime seems OK, init it
80:119  0:870  recalculated Screen->Film position
80:119  0:000   Anime seems OK, init it
80:699  0:580   found 64 frames of the anime
80:699  0:000  recalculated Screen->Film position
80:699  0:000   Anime seems OK, init it
82:991  2:291  recalculated Screen->Film position
82:991  0:000   Anime seems OK, init it
85:182  2:191  recalculated Screen->Film position
85:182  0:000   Anime seems OK, init it
87:573  2:391  recalculated Screen->Film position
87:573  0:000   Anime seems OK, init it
88:219  0:646   found 64 frames of the anime
88:219  0:000  recalculated Screen->Film position
88:219  0:000   Anime seems OK, init it
89:074  0:854  recalculated Screen->Film position
89:074  0:000   Anime seems OK, init it
90:965  1:890  recalculated Screen->Film position
90:965  0:000   Anime seems OK, init it
